0 info it worked if it ends with ok
1 verbose cli [ 'C:\\Program Files\\nodejs\\node.exe',
1 verbose cli   'C:\\Program Files\\nodejs\\node_modules\\npm\\bin\\npm-cli.js',
1 verbose cli   'run',
1 verbose cli   'typescript' ]
2 info using npm@3.6.0
3 info using node@v5.7.0
4 verbose run-script [ 'pretypescript', 'typescript', 'posttypescript' ]
5 info lifecycle kestt@1.0.0~pretypescript: kestt@1.0.0
6 silly lifecycle kestt@1.0.0~pretypescript: no script for pretypescript, continuing
7 info lifecycle kestt@1.0.0~typescript: kestt@1.0.0
8 verbose lifecycle kestt@1.0.0~typescript: unsafe-perm in lifecycle true
9 verbose lifecycle kestt@1.0.0~typescript: PATH: C:\Program Files\nodejs\node_modules\npm\bin\node-gyp-bin;C:\wamp\www\kestt\node_modules\.bin;C:\Users\Desenvolvimento\bin;C:\Program Files\Git\mingw64\bin;C:\Program Files\Git\usr\local\bin;C:\Program Files\Git\usr\bin;C:\Program Files\Git\usr\bin;C:\Program Files\Git\mingw64\bin;C:\Program Files\Git\usr\bin;C:\Program Files (x86)\NVIDIA Corporation\PhysX\Common;C:\Program Files (x86)\Common Files\Intel\Shared Files\cpp\bin\Intel64;C:\Program Files\Common Files\Microsoft Shared\Windows Live;C:\Windows\system32;C:\Windows;C:\Windows\System32\Wbem;C:\Windows\System32\WindowsPowerShell\v1.0;C:\Program Files (x86)\ATI Technologies\ATI.ACE\Core-Static;C:\Program Files (x86)\Windows Kits\8.1\Windows Performance Toolkit;C:\Program Files\Microsoft SQL Server\110\Tools\Binn;C:\Program Files (x86)\AMD\ATI.ACE\Core-Static;C:\wamp\bin\php\php5.5.12;C:\ProgramData\ComposerSetup\bin;C:\ProgramData\chocolatey\bin;C:\Program Files (x86)\Bitvise SSH Client;C:\Program Files (x86)\QuickTime\QTSystem;C:\Ruby21-x64\bin;C:\Program Files (x86)\Skype\Phone;C:\WINDOWS\system32;C:\WINDOWS;C:\WINDOWS\System32\Wbem;C:\WINDOWS\System32\WindowsPowerShell\v1.0;C:\Program Files\nodejs;C:\Program Files\Git;C:\Users\Desenvolvimento dZoë\AppData\Roaming\npm;C:\HashiCorp\Vagrant\bin;C:\Program Files\Git\usr\bin;C:\Program Files (x86)\Brackets\command;C:\Program Files (x86)\Common Files\Microsoft Shared\Windows Live;C:\;C:\Program Files\Git\usr\bin\vendor_perl;C:\Program Files\Git\usr\bin\core_perl
10 verbose lifecycle kestt@1.0.0~typescript: CWD: C:\wamp\www\kestt
11 silly lifecycle kestt@1.0.0~typescript: Args: [ '/d /s /c',
11 silly lifecycle   'tsc assets/scripts/typescript/main.ts --outDir assets/scripts/' ]
12 silly lifecycle kestt@1.0.0~typescript: Returned: code: 2  signal: null
13 info lifecycle kestt@1.0.0~typescript: Failed to exec typescript script
14 verbose stack Error: kestt@1.0.0 typescript: `tsc assets/scripts/typescript/main.ts --outDir assets/scripts/`
14 verbose stack Exit status 2
14 verbose stack     at EventEmitter.<anonymous> (C:\Program Files\nodejs\node_modules\npm\lib\utils\lifecycle.js:232:16)
14 verbose stack     at emitTwo (events.js:100:13)
14 verbose stack     at EventEmitter.emit (events.js:185:7)
14 verbose stack     at ChildProcess.<anonymous> (C:\Program Files\nodejs\node_modules\npm\lib\utils\spawn.js:24:14)
14 verbose stack     at emitTwo (events.js:100:13)
14 verbose stack     at ChildProcess.emit (events.js:185:7)
14 verbose stack     at maybeClose (internal/child_process.js:827:16)
14 verbose stack     at Process.ChildProcess._handle.onexit (internal/child_process.js:211:5)
15 verbose pkgid kestt@1.0.0
16 verbose cwd C:\wamp\www\kestt
17 error Windows_NT 10.0.10240
18 error argv "C:\\Program Files\\nodejs\\node.exe" "C:\\Program Files\\nodejs\\node_modules\\npm\\bin\\npm-cli.js" "run" "typescript"
19 error node v5.7.0
20 error npm  v3.6.0
21 error code ELIFECYCLE
22 error kestt@1.0.0 typescript: `tsc assets/scripts/typescript/main.ts --outDir assets/scripts/`
22 error Exit status 2
23 error Failed at the kestt@1.0.0 typescript script 'tsc assets/scripts/typescript/main.ts --outDir assets/scripts/'.
23 error Make sure you have the latest version of node.js and npm installed.
23 error If you do, this is most likely a problem with the kestt package,
23 error not with npm itself.
23 error Tell the author that this fails on your system:
23 error     tsc assets/scripts/typescript/main.ts --outDir assets/scripts/
23 error You can get information on how to open an issue for this project with:
23 error     npm bugs kestt
23 error Or if that isn't available, you can get their info via:
23 error     npm owner ls kestt
23 error There is likely additional logging output above.
24 verbose exit [ 1, true ]
